300 30000.00 -965.32618
301 30100.00 -954.84722
302 30200.00 -944.42475
303 30300.00 -934.05876
304 30400.00 -923.74926
305 30500.00 -913.49624
306 30600.00 -903.29971
307 30700.00 -893.15966
308 30800.00 -883.07610
309 30900.00 -873.04902
310 31000.00 -863.07842
311 31100.00 -853.16431
312 31200.00 -843.30668
313 31300.00 -833.50554
314 31400.00 -823.76088
315 31500.00 -814.07271
316 31600.00 -804.44102
317 31700.00 -794.86582
318 31800.00 -785.34710
319 31900.00 -775.88486
320 32000.00 -766.47911
321 32100.00 -757.12984
322 32200.00 -747.83706
323 32300.00 -738.60076
324 32400.00 -729.42095
325 32500.00 -720.29762
326 32600.00 -711.23077
327 32700.00 -702.22041
328 32800.00 -693.26653
329 32900.00 -684.36914
330 33000.00 -675.52823
331 33100.00 -666.74381
332 33200.00 -658.01587
333 33300.00 -649.34442
334 33400.00 -640.72945
335 33500.00 -632.17096
336 33600.00 -623.66896
337 33700.00 -615.22344
338 33800.00 -606.83441
339 33900.00 -598.50186
340 34000.00 -590.22580
341 34100.00 -582.00622
342 34200.00 -573.84313
343 34300.00 -565.73652
344 34400.00 -557.68639
345 34500.00 -549.69275
346 34600.00 -541.75559
347 34700.00 -533.87492
348 34800.00 -526.05073
349 34900.00 -518.28303
350 35000.00 -510.57181
351 35100.00 -502.91707
352 35200.00 -495.31882
353 35300.00 -487.77705
354 35400.00 -480.29177
355 35500.00 -472.86298
356 35600.00 -465.49066
357 35700.00 -458.17483
358 35800.00 -450.91549
359 35900.00 -443.71263
360 36000.00 -436.56625
361 36100.00 -429.47636
362 36200.00 -422.44296
363 36300.00 -415.46603
364 36400.00 -408.54560
365 36500.00 -401.68164
366 36600.00 -394.87417
367 36700.00 -388.12319
368 36800.00 -381.42869
369 36900.00 -374.79067
370 37000.00 -368.20914
371 37100.00 -361.68410
372 37200.00 -355.21553
373 37300.00 -348.80345
374 37400.00 -342.44786
375 37500.00 -336.14875
376 37600.00 -329.90613
377 37700.00 -323.71999
378 37800.00 -317.59033
379 37900.00 -311.51716
380 38000.00 -305.50047
381 38100.00 -299.54027
382 38200.00 -293.63655
383 38300.00 -287.78932
384 38400.00 -281.99857
385 38500.00 -276.26430
386 38600.00 -270.58652
387 38700.00 -264.96522
388 38800.00 -259.40041
389 38900.00 -253.89208
390 39000.00 -248.44024
391 39100.00 -243.04488
392 39200.00 -237.70601
393 39300.00 -232.42362
394 39400.00 -227.19771
395 39500.00 -222.02829
396 39600.00 -216.91535
397 39700.00 -211.85890
398 39800.00 -206.85893
399 39900.00 -201.91545
400 40000.00 -197.02845
401 40100.00 -192.19793
402 40200.00 -187.42390
403 40300.00 -182.70636
404 40400.00 -178.04530
405 40500.00 -173.44072
406 40600.00 -168.89263
407 40700.00 -164.40102
408 40800.00 -159.96589
409 40900.00 -155.58726
410 41000.00 -151.26510
411 41100.00 -146.99943
412 41200.00 -142.79024
413 41300.00 -138.63754
414 41400.00 -134.54132
415 41500.00 -130.50159
416 41600.00 -126.51834
417 41700.00 -122.59158
418 41800.00 -118.72130
419 41900.00 -114.90750
420 42000.00 -111.15019
421 42100.00 -107.44936
422 42200.00 -103.80502
423 42300.00 -100.21716
424 42400.00 -96.68579
425 42500.00 -93.21090
426 42600.00 -89.79250
427 42700.00 -86.43058
428 42800.00 -83.12514
429 42900.00 -79.87619
430 43000.00 -76.68372
431 43100.00 -73.54774
432 43200.00 -70.46824
433 43300.00 -67.44523
434 43400.00 -64.47870
435 43500.00 -61.56865
436 43600.00 -58.71509
437 43700.00 -55.91802
438 43800.00 -53.17742
439 43900.00 -50.49332
440 44000.00 -47.86569
441 44100.00 -45.29456
442 44200.00 -42.77990
443 44300.00 -40.32173
444 44400.00 -37.92005
445 44500.00 -35.57484
446 44600.00 -33.28613
447 44700.00 -31.05390
448 44800.00 -28.87815
449 44900.00 -26.75889
450 45000.00 -24.69611
451 45100.00 -22.68981
452 45200.00 -20.74000
453 45300.00 -18.84668
454 45400.00 -17.00983
455 45500.00 -15.22948
456 45600.00 -13.50560
457 45700.00 -11.83822
458 45800.00 -10.22731
459 45900.00 -8.67289
460 46000.00 -7.17496
461 46100.00 -5.73351
462 46200.00 -4.34854
463 46300.00 -3.02006
464 46400.00 -1.74806
465 46500.00 -0.53255
466 46600.00 0.62648
467 46700.00 1.72902
468 46800.00 2.77508
469 46900.00 3.76466
470 47000.00 4.69775
471 47100.00 5.57435
472 47200.00 6.39448
473 47300.00 7.15811
474 47400.00 7.86527
475 47500.00 8.51594
476 47600.00 9.11012
477 47700.00 9.64782
478 47800.00 10.12904
479 47900.00 10.55377
480 48000.00 10.92201
481 48100.00 11.23378
482 48200.00 11.48905
483 48300.00 11.68785
484 48400.00 11.83016
485 48500.00 11.91598
486 48600.00 11.94532
487 48700.00 11.91818
488 48800.00 11.83455
489 48900.00 11.69444
490 49000.00 11.49784
491 49100.00 11.24476
492 49200.00 10.93519
493 49300.00 10.56914
494 49400.00 10.14661
495 49500.00 9.66759
496 49600.00 9.13208
497 49700.00 8.54009
498 49800.00 7.89162
499 49900.00 7.18667
500 50000.00 6.42522
501 50100.00 5.60730
502 50200.00 4.73289
503 50300.00 3.80199
504 50400.00 2.81461
505 50500.00 1.77075
506 50600.00 0.67040
507 50700.00 -0.48643
508 50800.00 -1.69974
509 50900.00 -2.96955
510 51000.00 -4.29583
511 51100.00 -5.67860
512 51200.00 -7.11786
513 51300.00 -8.61359
514 51400.00 -10.16582
515 51500.00 -11.77452
516 51600.00 -13.43972
517 51700.00 -15.16139
518 51800.00 -16.93955
519 51900.00 -18.77420
520 52000.00 -20.66533
521 52100.00 -22.61294
522 52200.00 -24.61704
523 52300.00 -26.67762
524 52400.00 -28.79469
525 52500.00 -30.96824
526 52600.00 -33.19828
527 52700.00 -35.48480
528 52800.00 -37.82780
529 52900.00 -40.22729
530 53000.00 -42.68326
531 53100.00 -45.19572
532 53200.00 -47.76466
533 53300.00 -50.39009
534 53400.00 -53.07200
535 53500.00 -55.81040
536 53600.00 -58.60528
537 53700.00 -61.45664
538 53800.00 -64.36449
539 53900.00 -67.32882
540 54000.00 -70.34964
541 54100.00 -73.42694
542 54200.00 -76.56073
543 54300.00 -79.75100
544 54400.00 -82.99776
545 54500.00 -86.30100
546 54600.00 -89.66072
547 54700.00 -93.07693
548 54800.00 -96.54962
549 54900.00 -100.07880
550 55000.00 -103.66446
551 55100.00 -107.30660
552 55200.00 -111.00524
553 55300.00 -114.76035
554 55400.00 -118.57195
555 55500.00 -122.44003
556 55600.00 -126.36460
557 55700.00 -130.34565
558 55800.00 -134.38319
559 55900.00 -138.47721
560 56000.00 -142.62772
561 56100.00 -146.83471
562 56200.00 -151.09818
563 56300.00 -155.41814
564 56400.00 -159.79458
565 56500.00 -164.22751
566 56600.00 -168.71692
567 56700.00 -173.26282
568 56800.00 -177.86520
569 56900.00 -182.52407
570 57000.00 -187.23942
571 57100.00 -192.01125
572 57200.00 -196.83957
573 57300.00 -201.72437
574 57400.00 -206.66566
575 57500.00 -211.66343
576 57600.00 -216.71769
577 57700.00 -221.82843
578 57800.00 -226.99565
579 57900.00 -232.21936
580 58000.00 -237.49956
581 58100.00 -242.83623
582 58200.00 -248.22940
583 58300.00 -253.67904
584 58400.00 -259.18517
585 58500.00 -264.74779
586 58600.00 -270.36689
587 58700.00 -276.04247
588 58800.00 -281.77454
589 58900.00 -287.56310
590 59000.00 -293.40814
591 59100.00 -299.30966
592 59200.00 -305.26766
593 59300.00 -311.28216
594 59400.00 -317.35313
595 59500.00 -323.48059
596 59600.00 -329.66453
597 59700.00 -335.90496
598 59800.00 -342.20188
599 59900.00 -348.55527
600 60000.00 -354.96516
601 60100.00 -361.43152
602 60200.00 -367.95437
603 60300.00 -374.53371
604 60400.00 -381.16953
605 60500.00 -387.86183
606 60600.00 -394.61062
607 60700.00 -401.41589
608 60800.00 -408.27765
609 60900.00 -415.19589
610 61000.00 -422.17062
611 61100.00 -429.20183
612 61200.00 -436.28952
613 61300.00 -443.43370
614 61400.00 -450.63436
615 61500.00 -457.89151
616 61600.00 -465.20514
617 61700.00 -472.57526
618 61800.00 -480.00186
619 61900.00 -487.48495
620 62000.00 -495.02452
621 62100.00 -502.62057
622 62200.00 -510.27311
623 62300.00 -517.98213
624 62400.00 -525.74764
625 62500.00 -533.56963
626 62600.00 -541.44811
627 62700.00 -549.38307
628 62800.00 -557.37452
629 62900.00 -565.42245
630 63000.00 -573.52686
631 63100.00 -581.68776
632 63200.00 -589.90514
633 63300.00 -598.17901
634 63400.00 -606.50936
635 63500.00 -614.89620
636 63600.00 -623.33952
637 63700.00 -631.83932
638 63800.00 -640.39561
639 63900.00 -649.00838
640 64000.00 -657.67764
641 64100.00 -666.40339
642 64200.00 -675.18561
643 64300.00 -684.02432
644 64400.00 -692.91952
645 64500.00 -701.87120
646 64600.00 -710.87936
647 64700.00 -719.94401
648 64800.00 -729.06515
649 64900.00 -738.24276
650 65000.00 -747.47687
651 65100.00 -756.76745
652 65200.00 -766.11452
653 65300.00 -775.51808
654 65400.00 -784.97812
655 65500.00 -794.49464
656 65600.00 -804.06765
657 65700.00 -813.69714
658 65800.00 -823.38312
659 65900.00 -833.12558
660 66000.00 -842.92453
661 66100.00 -852.77996
662 66200.00 -862.69187
663 66300.00 -872.66027
664 66400.00 -882.68516
665 66500.00 -892.76653
666 66600.00 -902.90438
667 66700.00 -913.09872
668 66800.00 -923.34954
669 66900.00 -933.65684
670 67000.00 -944.02063
671 67100.00 -954.44091
672 67200.00 -964.91767
673 67300.00 -975.45091
674 67400.00 -986.04064
675 67500.00 -996.68685
676 67600.00 -1007.38955
677 67700.00 -1018.14873
678 67800.00 -1028.96439
679 67900.00 -1039.83654
680 68000.00 -1050.76518
681 68100.00 -1061.75030
682 68200.00 -1072.79190
683 68300.00 -1083.88999
684 68400.00 -1095.04456
685 68500.00 -1106.25562
686 68600.00 -1117.52316
687 68700.00 -1128.84718
688 68800.00 -1140.22769
689 68900.00 -1151.66469
690 69000.00 -1163.15816
691 69100.00 -1174.70813
692 69200.00 -1186.31457
693 69300.00 -1197.97750
694 69400.00 -1209.69692
695 69500.00 -1221.47282
696 69600.00 -1233.30521
697 69700.00 -1245.19408
698 69800.00 -1257.13943
699 69900.00 -1269.14127
